Arguments: 
  /usr/bin/node /usr/share/yarn/bin/yarn.js i gulp gulp-postcss gulp-sass gulp-csso node-sass -D

PATH: 
  /usr/local/sbin:/usr/local/bin:/usr/sbin:/usr/bin:/sbin:/bin:/snap/bin

Yarn version: 
  1.19.1

Node version: 
  12.13.0

Platform: 
  linux x64

Trace: 
  SyntaxError: /home/jeon/Desktop/nomad_coders/airbnb/package.json: Unexpected token } in JSON at position 226
      at JSON.parse (<anonymous>)
      at /usr/share/yarn/lib/cli.js:1625:59
      at Generator.next (<anonymous>)
      at step (/usr/share/yarn/lib/cli.js:304:30)
      at /usr/share/yarn/lib/cli.js:315:13

npm manifest: 
  {
    "name": "airbnb",
    "version": "1.0.0",
    "description": "It's my first time to clone my airbnb project by myself with Python, Django, and Tailwind and more",
    "repository": "https://github.com/jcs1910/airbnb-clone.git",
  }

yarn manifest: 
  No manifest

Lockfile: 
  No lockfile
